# JRE version: Java(TM) SE Runtime Environment (8.0_111-b14) (build 1.8.0_111-b14)
# Java VM: Java HotSpot(TM) 64-Bit Server VM (25.111-b14 mixed mode windows-amd64 compressed oops)
Heap:
 PSYoungGen      total 139264K, used 76587K [0x000000076cb00000, 0x0000000775d00000, 0x00000007c0000000)
  eden space 129024K, 59% used [0x000000076cb00000,0x00000007715cace0,0x0000000774900000)
  from space 10240K, 0% used [0x0000000775300000,0x0000000775300000,0x0000000775d00000)
  to   space 10240K, 0% used [0x0000000774900000,0x0000000774900000,0x0000000775300000)
 ParOldGen       total 123392K, used 15812K [0x00000006c6000000, 0x00000006cd880000, 0x000000076cb00000)
  object space 123392K, 12% used [0x00000006c6000000,0x00000006c6f713f8,0x00000006cd880000)
 Metaspace       used 23442K, capacity 23980K, committed 24320K, reserved 1071104K
  class space    used 2844K, capacity 2997K, committed 3072K, reserved 1048576K
GC Heap History (10 events):
Event: 0.737 GC heap before
{Heap before GC invocations=1 (full 0):
 PSYoungGen      total 74752K, used 64512K [0x000000076cb00000, 0x0000000771e00000, 0x00000007c0000000)
  eden space 64512K, 100% used [0x000000076cb00000,0x0000000770a00000,0x0000000770a00000)
  from space 10240K, 0% used [0x0000000771400000,0x0000000771400000,0x0000000771e00000)
  to   space 10240K, 0% used [0x0000000770a00000,0x0000000770a00000,0x0000000771400000)
 ParOldGen       total 171008K, used 0K [0x00000006c6000000, 0x00000006d0700000, 0x000000076cb00000)
  object space 171008K, 0% used [0x00000006c6000000,0x00000006c6000000,0x00000006d0700000)
 Metaspace       used 12108K, capacity 12282K, committed 12416K, reserved 1060864K
  class space    used 1553K, capacity 1641K, committed 1664K, reserved 1048576K
Event: 0.744 GC heap after
Heap after GC invocations=1 (full 0):
 PSYoungGen      total 74752K, used 10232K [0x000000076cb00000, 0x0000000771e00000, 0x00000007c0000000)
  eden space 64512K, 0% used [0x000000076cb00000,0x000000076cb00000,0x0000000770a00000)
  from space 10240K, 99% used [0x0000000770a00000,0x00000007713fe3b8,0x0000000771400000)
  to   space 10240K, 0% used [0x0000000771400000,0x0000000771400000,0x0000000771e00000)
 ParOldGen       total 171008K, used 410K [0x00000006c6000000, 0x00000006d0700000, 0x000000076cb00000)
  object space 171008K, 0% used [0x00000006c6000000,0x00000006c6066a38,0x00000006d0700000)
 Metaspace       used 12108K, capacity 12282K, committed 12416K, reserved 1060864K
  class space    used 1553K, capacity 1641K, committed 1664K, reserved 1048576K
}
Event: 1.319 GC heap before
{Heap before GC invocations=2 (full 0):
 PSYoungGen      total 74752K, used 74744K [0x000000076cb00000, 0x0000000771e00000, 0x00000007c0000000)
  eden space 64512K, 100% used [0x000000076cb00000,0x0000000770a00000,0x0000000770a00000)
  from space 10240K, 99% used [0x0000000770a00000,0x00000007713fe3b8,0x0000000771400000)
  to   space 10240K, 0% used [0x0000000771400000,0x0000000771400000,0x0000000771e00000)
 ParOldGen       total 171008K, used 410K [0x00000006c6000000, 0x00000006d0700000, 0x000000076cb00000)
  object space 171008K, 0% used [0x00000006c6000000,0x00000006c6066a38,0x00000006d0700000)
 Metaspace       used 15056K, capacity 15194K, committed 15488K, reserved 1062912K
  class space    used 1839K, capacity 1913K, committed 1920K, reserved 1048576K
Event: 1.327 GC heap after
Heap after GC invocations=2 (full 0):
 PSYoungGen      total 74752K, used 10228K [0x000000076cb00000, 0x0000000775d00000, 0x00000007c0000000)
  eden space 64512K, 0% used [0x000000076cb00000,0x000000076cb00000,0x0000000770a00000)
  from space 10240K, 99% used [0x0000000771400000,0x0000000771dfd038,0x0000000771e00000)
  to   space 10240K, 0% used [0x0000000770a00000,0x0000000770a00000,0x0000000771400000)
 ParOldGen       total 171008K, used 1872K [0x00000006c6000000, 0x00000006d0700000, 0x000000076cb00000)
  object space 171008K, 1% used [0x00000006c6000000,0x00000006c61d4310,0x00000006d0700000)
 Metaspace       used 15056K, capacity 15194K, committed 15488K, reserved 1062912K
  class space    used 1839K, capacity 1913K, committed 1920K, reserved 1048576K
}
Event: 1.980 GC heap before
{Heap before GC invocations=3 (full 0):
 PSYoungGen      total 74752K, used 74740K [0x000000076cb00000, 0x0000000775d00000, 0x00000007c0000000)
  eden space 64512K, 100% used [0x000000076cb00000,0x0000000770a00000,0x0000000770a00000)
  from space 10240K, 99% used [0x0000000771400000,0x0000000771dfd038,0x0000000771e00000)
  to   space 10240K, 0% used [0x0000000770a00000,0x0000000770a00000,0x0000000771400000)
 ParOldGen       total 171008K, used 1872K [0x00000006c6000000, 0x00000006d0700000, 0x000000076cb00000)
  object space 171008K, 1% used [0x00000006c6000000,0x00000006c61d4310,0x00000006d0700000)
 Metaspace       used 16606K, capacity 16872K, committed 17280K, reserved 1064960K
  class space    used 1990K, capacity 2062K, committed 2176K, reserved 1048576K
Event: 1.989 GC heap after
Heap after GC invocations=3 (full 0):
 PSYoungGen      total 74752K, used 10208K [0x000000076cb00000, 0x0000000775d00000, 0x00000007c0000000)
  eden space 64512K, 0% used [0x000000076cb00000,0x000000076cb00000,0x0000000770a00000)
  from space 10240K, 99% used [0x0000000770a00000,0x00000007713f8020,0x0000000771400000)
  to   space 10240K, 0% used [0x0000000775300000,0x0000000775300000,0x0000000775d00000)
 ParOldGen       total 171008K, used 6228K [0x00000006c6000000, 0x00000006d0700000, 0x000000076cb00000)
  object space 171008K, 3% used [0x00000006c6000000,0x00000006c66150a8,0x00000006d0700000)
 Metaspace       used 16606K, capacity 16872K, committed 17280K, reserved 1064960K
  class space    used 1990K, capacity 2062K, committed 2176K, reserved 1048576K
}
Event: 2.342 GC heap before
{Heap before GC invocations=4 (full 0):
 PSYoungGen      total 74752K, used 36644K [0x000000076cb00000, 0x0000000775d00000, 0x00000007c0000000)
  eden space 64512K, 40% used [0x000000076cb00000,0x000000076e4d1288,0x0000000770a00000)
  from space 10240K, 99% used [0x0000000770a00000,0x00000007713f8020,0x0000000771400000)
  to   space 10240K, 0% used [0x0000000775300000,0x0000000775300000,0x0000000775d00000)
 ParOldGen       total 171008K, used 6228K [0x00000006c6000000, 0x00000006d0700000, 0x000000076cb00000)
  object space 171008K, 3% used [0x00000006c6000000,0x00000006c66150a8,0x00000006d0700000)
 Metaspace       used 20771K, capacity 21100K, committed 21296K, reserved 1069056K
  class space    used 2533K, capacity 2622K, committed 2688K, reserved 1048576K
Event: 2.353 GC heap after
Heap after GC invocations=4 (full 0):
 PSYoungGen      total 139264K, used 10208K [0x000000076cb00000, 0x0000000775d00000, 0x00000007c0000000)
  eden space 129024K, 0% used [0x000000076cb00000,0x000000076cb00000,0x0000000774900000)
  from space 10240K, 99% used [0x0000000775300000,0x0000000775cf8040,0x0000000775d00000)
  to   space 10240K, 0% used [0x0000000774900000,0x0000000774900000,0x0000000775300000)
 ParOldGen       total 171008K, used 8618K [0x00000006c6000000, 0x00000006d0700000, 0x000000076cb00000)
  object space 171008K, 5% used [0x00000006c6000000,0x00000006c686ab88,0x00000006d0700000)
 Metaspace       used 20771K, capacity 21100K, committed 21296K, reserved 1069056K
  class space    used 2533K, capacity 2622K, committed 2688K, reserved 1048576K
}
Event: 2.353 GC heap before
{Heap before GC invocations=5 (full 1):
 PSYoungGen      total 139264K, used 10208K [0x000000076cb00000, 0x0000000775d00000, 0x00000007c0000000)
  eden space 129024K, 0% used [0x000000076cb00000,0x000000076cb00000,0x0000000774900000)
  from space 10240K, 99% used [0x0000000775300000,0x0000000775cf8040,0x0000000775d00000)
  to   space 10240K, 0% used [0x0000000774900000,0x0000000774900000,0x0000000775300000)
 ParOldGen       total 171008K, used 8618K [0x00000006c6000000, 0x00000006d0700000, 0x000000076cb00000)
  object space 171008K, 5% used [0x00000006c6000000,0x00000006c686ab88,0x00000006d0700000)
 Metaspace       used 20771K, capacity 21100K, committed 21296K, reserved 1069056K
  class space    used 2533K, capacity 2622K, committed 2688K, reserved 1048576K
Event: 2.407 GC heap after
Heap after GC invocations=5 (full 1):
 PSYoungGen      total 139264K, used 0K [0x000000076cb00000, 0x0000000775d00000, 0x00000007c0000000)
  eden space 129024K, 0% used [0x000000076cb00000,0x000000076cb00000,0x0000000774900000)
  from space 10240K, 0% used [0x0000000775300000,0x0000000775300000,0x0000000775d00000)
  to   space 10240K, 0% used [0x0000000774900000,0x0000000774900000,0x0000000775300000)
 ParOldGen       total 123392K, used 15812K [0x00000006c6000000, 0x00000006cd880000, 0x000000076cb00000)
  object space 123392K, 12% used [0x00000006c6000000,0x00000006c6f713f8,0x00000006cd880000)
 Metaspace       used 20771K, capacity 21100K, committed 21296K, reserved 1069056K
  class space    used 2533K, capacity 2622K, committed 2688K, reserved 1048576K
}

